  Chip8.cpp
C:\Users\Richard\source\repos\SDLearn\SDLearn\Platform.h(27,15): warning C4804: '<': uso não seguro de tipo 'bool' em operação
  (compilando o arquivo fonte 'Chip8.cpp')
  
C:\Users\Richard\source\repos\SDLearn\SDLearn\Platform.h(213,25): warning C4244: 'argumento': conversão de 'Uint64' para 'double', possível perda de dados
  (compilando o arquivo fonte 'Chip8.cpp')
  
C:\Users\Richard\source\repos\SDLearn\SDLearn\Platform.h(220,19): warning C4244: 'argumento': conversão de 'double' para 'float', possível perda de dados
  (compilando o arquivo fonte 'Chip8.cpp')
  
C:\Users\Richard\source\repos\SDLearn\SDLearn\Platform.h(220,16): warning C4244: 'argumento': conversão de 'double' para 'float', possível perda de dados
  (compilando o arquivo fonte 'Chip8.cpp')
  
C:\Users\Richard\source\repos\SDLearn\SDLearn\Platform.h(304,49): warning C4267: 'argumento': conversão de 'size_t' para 'int', possível perda de dados
  (compilando o arquivo fonte 'Chip8.cpp')
  
C:\Users\Richard\source\repos\SDLearn\SDLearn\Platform.h(272,13): warning C4101: 'r': variável local não referenciada
  (compilando o arquivo fonte 'Chip8.cpp')
  
C:\Users\Richard\source\repos\SDLearn\SDLearn\Chip8.cpp(32,82): warning C4244: 'argumento': conversão de '_Rep' para 'unsigned int', possível perda de dados
C:\Users\Richard\source\repos\SDLearn\SDLearn\Chip8.cpp(32,82): warning C4244:         with
C:\Users\Richard\source\repos\SDLearn\SDLearn\Chip8.cpp(32,82): warning C4244:         [
C:\Users\Richard\source\repos\SDLearn\SDLearn\Chip8.cpp(32,82): warning C4244:             _Rep=std::chrono::system_clock::rep
C:\Users\Richard\source\repos\SDLearn\SDLearn\Chip8.cpp(32,82): warning C4244:         ]
  main.cpp
C:\Users\Richard\source\repos\SDLearn\SDLearn\Platform.h(27,15): warning C4804: '<': uso não seguro de tipo 'bool' em operação
  (compilando o arquivo fonte 'main.cpp')
  
C:\Users\Richard\source\repos\SDLearn\SDLearn\Platform.h(213,25): warning C4244: 'argumento': conversão de 'Uint64' para 'double', possível perda de dados
  (compilando o arquivo fonte 'main.cpp')
  
C:\Users\Richard\source\repos\SDLearn\SDLearn\Platform.h(220,19): warning C4244: 'argumento': conversão de 'double' para 'float', possível perda de dados
  (compilando o arquivo fonte 'main.cpp')
  
C:\Users\Richard\source\repos\SDLearn\SDLearn\Platform.h(220,16): warning C4244: 'argumento': conversão de 'double' para 'float', possível perda de dados
  (compilando o arquivo fonte 'main.cpp')
  
C:\Users\Richard\source\repos\SDLearn\SDLearn\Platform.h(304,49): warning C4267: 'argumento': conversão de 'size_t' para 'int', possível perda de dados
  (compilando o arquivo fonte 'main.cpp')
  
C:\Users\Richard\source\repos\SDLearn\SDLearn\Platform.h(272,13): warning C4101: 'r': variável local não referenciada
  (compilando o arquivo fonte 'main.cpp')
  
  SDLearn.cpp
  Gerando Código...
LINK : warning LNK4067: ponto de entrada ambíguo; selecionado 'mainCRTStartup'
  SDLearn.vcxproj -> C:\Users\Richard\source\repos\SDLearn\x64\Debug\SDLearn.exe
